0 info it worked if it ends with ok
1 verbose cli [ 'C:\\Program Files\\nodejs\\node.exe',
1 verbose cli   'C:\\Users\\sourabh_sethi\\AppData\\Roaming\\npm\\node_modules\\npm\\bin\\npm-cli.js',
1 verbose cli   'install',
1 verbose cli   'systemjs' ]
2 info using npm@4.1.1
3 info using node@v7.2.0
4 silly loadCurrentTree Starting
5 silly install loadCurrentTree
6 silly install readLocalPackageData
7 silly fetchPackageMetaData systemjs
8 silly fetchNamedPackageData systemjs
9 silly mapToRegistry name systemjs
10 silly mapToRegistry using default registry
11 silly mapToRegistry registry https://registry.npmjs.org/
12 silly mapToRegistry data Result {
12 silly mapToRegistry   raw: 'systemjs',
12 silly mapToRegistry   scope: null,
12 silly mapToRegistry   escapedName: 'systemjs',
12 silly mapToRegistry   name: 'systemjs',
12 silly mapToRegistry   rawSpec: '',
12 silly mapToRegistry   spec: 'latest',
12 silly mapToRegistry   type: 'tag' }
13 silly mapToRegistry uri https://registry.npmjs.org/systemjs
14 verbose request uri https://registry.npmjs.org/systemjs
15 verbose request no auth needed
16 info attempt registry request try #1 at 4:36:14 PM
17 verbose request id 231d90d756f4caa7
18 http request GET https://registry.npmjs.org/systemjs
19 info retry will retry, error on last attempt: Error: tunneling socket could not be established, cause=connect ETIMEDOUT 10.152.80.42:80
20 info attempt registry request try #2 at 4:36:45 PM
21 http request GET https://registry.npmjs.org/systemjs
22 info retry will retry, error on last attempt: Error: tunneling socket could not be established, cause=connect ETIMEDOUT 10.152.80.42:80
23 info attempt registry request try #3 at 4:38:06 PM
24 http request GET https://registry.npmjs.org/systemjs
25 silly fetchPackageMetaData Error: tunneling socket could not be established, cause=connect ETIMEDOUT 10.152.80.42:80
25 silly fetchPackageMetaData     at ClientRequest.onError (C:\Users\sourabh_sethi\AppData\Roaming\npm\node_modules\npm\node_modules\request\node_modules\tunnel-agent\index.js:176:17)
25 silly fetchPackageMetaData     at ClientRequest.g (events.js:292:16)
25 silly fetchPackageMetaData     at emitOne (events.js:96:13)
25 silly fetchPackageMetaData     at ClientRequest.emit (events.js:188:7)
25 silly fetchPackageMetaData     at Socket.socketErrorListener (_http_client.js:309:9)
25 silly fetchPackageMetaData     at emitOne (events.js:96:13)
25 silly fetchPackageMetaData     at Socket.emit (events.js:188:7)
25 silly fetchPackageMetaData     at emitErrorNT (net.js:1281:8)
25 silly fetchPackageMetaData     at _combinedTickCallback (internal/process/next_tick.js:74:11)
25 silly fetchPackageMetaData     at process._tickCallback (internal/process/next_tick.js:98:9)
25 silly fetchPackageMetaData  error for systemjs { Error: tunneling socket could not be established, cause=connect ETIMEDOUT 10.152.80.42:80
25 silly fetchPackageMetaData     at ClientRequest.onError (C:\Users\sourabh_sethi\AppData\Roaming\npm\node_modules\npm\node_modules\request\node_modules\tunnel-agent\index.js:176:17)
25 silly fetchPackageMetaData     at ClientRequest.g (events.js:292:16)
25 silly fetchPackageMetaData     at emitOne (events.js:96:13)
25 silly fetchPackageMetaData     at ClientRequest.emit (events.js:188:7)
25 silly fetchPackageMetaData     at Socket.socketErrorListener (_http_client.js:309:9)
25 silly fetchPackageMetaData     at emitOne (events.js:96:13)
25 silly fetchPackageMetaData     at Socket.emit (events.js:188:7)
25 silly fetchPackageMetaData     at emitErrorNT (net.js:1281:8)
25 silly fetchPackageMetaData     at _combinedTickCallback (internal/process/next_tick.js:74:11)
25 silly fetchPackageMetaData     at process._tickCallback (internal/process/next_tick.js:98:9) code: 'ECONNRESET' }
26 silly rollbackFailedOptional Starting
27 silly rollbackFailedOptional Finishing
28 silly runTopLevelLifecycles Finishing
29 silly install printInstalled
30 verbose stack Error: tunneling socket could not be established, cause=connect ETIMEDOUT 10.152.80.42:80
30 verbose stack     at ClientRequest.onError (C:\Users\sourabh_sethi\AppData\Roaming\npm\node_modules\npm\node_modules\request\node_modules\tunnel-agent\index.js:176:17)
30 verbose stack     at ClientRequest.g (events.js:292:16)
30 verbose stack     at emitOne (events.js:96:13)
30 verbose stack     at ClientRequest.emit (events.js:188:7)
30 verbose stack     at Socket.socketErrorListener (_http_client.js:309:9)
30 verbose stack     at emitOne (events.js:96:13)
30 verbose stack     at Socket.emit (events.js:188:7)
30 verbose stack     at emitErrorNT (net.js:1281:8)
30 verbose stack     at _combinedTickCallback (internal/process/next_tick.js:74:11)
30 verbose stack     at process._tickCallback (internal/process/next_tick.js:98:9)
31 verbose cwd D:\TypeScipts\demo\demo5_testing_with_http_server_and_systemJs
32 error Windows_NT 6.1.7601
33 error argv "C:\\Program Files\\nodejs\\node.exe" "C:\\Users\\sourabh_sethi\\AppData\\Roaming\\npm\\node_modules\\npm\\bin\\npm-cli.js" "install" "systemjs"
34 error node v7.2.0
35 error npm  v4.1.1
36 error code ECONNRESET
37 error network tunneling socket could not be established, cause=connect ETIMEDOUT 10.152.80.42:80
38 error network This is most likely not a problem with npm itself
38 error network and is related to network connectivity.
38 error network In most cases you are behind a proxy or have bad network settings.
38 error network
38 error network If you are behind a proxy, please make sure that the
38 error network 'proxy' config is set properly.  See: 'npm help config'
39 verbose exit [ 1, true ]
